{"/private/tmp/react-native-payment-card-icons/src/PaymentIcon.tsx": {"path":"/private/tmp/react-native-payment-card-icons/src/PaymentIcon.tsx","statementMap":{"0":{"start":{"line":43,"column":4},"end":{"line":45,"column":20}},"1":{"start":{"line":43,"column":45},"end":{"line":43,"column":60}},"2":{"start":{"line":47,"column":24},"end":{"line":47,"column":53}},"3":{"start":{"line":49,"column":2},"end":{"line":54,"column":3}},"4":{"start":{"line":50,"column":4},"end":{"line":52,"column":6}},"5":{"start":{"line":53,"column":4},"end":{"line":53,"column":16}},"6":{"start":{"line":56,"column":2},"end":{"line":56,"column":37}}},"fnMap":{"0":{"name":"PaymentIcon","decl":{"start":{"line":37,"column":16},"end":{"line":37,"column":27}},"loc":{"start":{"line":41,"column":21},"end":{"line":57,"column":1}},"line":41},"1":{"name":"(anonymous_1)","decl":{"start":{"line":43,"column":31},"end":{"line":43,"column":32}},"loc":{"start":{"line":43,"column":45},"end":{"line":43,"column":60}},"line":43}},"branchMap":{"0":{"loc":{"start":{"line":39,"column":2},"end":{"line":39,"column":18}},"type":"default-arg","locations":[{"start":{"line":39,"column":12},"end":{"line":39,"column":18}}],"line":39},"1":{"loc":{"start":{"line":49,"column":2},"end":{"line":54,"column":3}},"type":"if","locations":[{"start":{"line":49,"column":2},"end":{"line":54,"column":3}},{"start":{},"end":{}}],"line":49}},"s":{"0":45,"1":51,"2":45,"3":45,"4":5,"5":5,"6":40},"f":{"0":45,"1":51},"b":{"0":[11],"1":[5,40]},"_coverageSchema":"1a1c01bbd47fc00a2c39e90264f33305004495a9","hash":"ab7e96a192569ef283b522dce435dcc25c15c3ff"}
,"/private/tmp/react-native-payment-card-icons/src/index.tsx": {"path":"/private/tmp/react-native-payment-card-icons/src/index.tsx","statementMap":{},"fnMap":{},"branchMap":{},"s":{},"f":{},"b":{},"_coverageSchema":"1a1c01bbd47fc00a2c39e90264f33305004495a9","hash":"b60ea6fe5c9a4ae5d876712fb91fc3af6283c9bf"}
,"/private/tmp/react-native-payment-card-icons/src/icons/AlipayFlat.tsx": {"path":"/private/tmp/react-native-payment-card-icons/src/icons/AlipayFlat.tsx","statementMap":{"0":{"start":{"line":3,"column":19},"end":{"line":30,"column":1}},"1":{"start":{"line":4,"column":2},"end":{"line":29,"column":8}}},"fnMap":{"0":{"name":"(anonymous_0)","decl":{"start":{"line":3,"column":19},"end":{"line":3,"column":20}},"loc":{"start":{"line":4,"column":2},"end":{"line":29,"column":8}},"line":4}},"branchMap":{},"s":{"0":4,"1":17},"f":{"0":17},"b":{},"_coverageSchema":"1a1c01bbd47fc00a2c39e90264f33305004495a9","hash":"740253e692a9d434d9b5180aea6113391fd328f5"}
,"/private/tmp/react-native-payment-card-icons/src/icons/AlipayFlatRounded.tsx": {"path":"/private/tmp/react-native-payment-card-icons/src/icons/AlipayFlatRounded.tsx","statementMap":{"0":{"start":{"line":3,"column":26},"end":{"line":33,"column":1}},"1":{"start":{"line":4,"column":2},"end":{"line":32,"column":8}}},"fnMap":{"0":{"name":"(anonymous_0)","decl":{"start":{"line":3,"column":26},"end":{"line":3,"column":27}},"loc":{"start":{"line":4,"column":2},"end":{"line":32,"column":8}},"line":4}},"branchMap":{},"s":{"0":3,"1":2},"f":{"0":2},"b":{},"_coverageSchema":"1a1c01bbd47fc00a2c39e90264f33305004495a9","hash":"59c8d2749da81dd142225e4a06a43371ba915634"}
,"/private/tmp/react-native-payment-card-icons/src/icons/AlipayLogo.tsx": {"path":"/private/tmp/react-native-payment-card-icons/src/icons/AlipayLogo.tsx","statementMap":{"0":{"start":{"line":3,"column":19},"end":{"line":29,"column":1}},"1":{"start":{"line":4,"column":2},"end":{"line":28,"column":8}}},"fnMap":{"0":{"name":"(anonymous_0)","decl":{"start":{"line":3,"column":19},"end":{"line":3,"column":20}},"loc":{"start":{"line":4,"column":2},"end":{"line":28,"column":8}},"line":4}},"branchMap":{},"s":{"0":3,"1":2},"f":{"0":2},"b":{},"_coverageSchema":"1a1c01bbd47fc00a2c39e90264f33305004495a9","hash":"21dff88e76f4613061fba4f1239931143a449240"}
,"/private/tmp/react-native-payment-card-icons/src/icons/AlipayLogoBorder.tsx": {"path":"/private/tmp/react-native-payment-card-icons/src/icons/AlipayLogoBorder.tsx","statementMap":{"0":{"start":{"line":3,"column":25},"end":{"line":30,"column":1}},"1":{"start":{"line":4,"column":2},"end":{"line":29,"column":8}}},"fnMap":{"0":{"name":"(anonymous_0)","decl":{"start":{"line":3,"column":25},"end":{"line":3,"column":26}},"loc":{"start":{"line":4,"column":2},"end":{"line":29,"column":8}},"line":4}},"branchMap":{},"s":{"0":3,"1":2},"f":{"0":2},"b":{},"_coverageSchema":"1a1c01bbd47fc00a2c39e90264f33305004495a9","hash":"c7749453e9d4bbf8f02f54ebb01f0a7088b1ad86"}
,"/private/tmp/react-native-payment-card-icons/src/icons/AlipayMono.tsx": {"path":"/private/tmp/react-native-payment-card-icons/src/icons/AlipayMono.tsx","statementMap":{"0":{"start":{"line":3,"column":19},"end":{"line":16,"column":1}},"1":{"start":{"line":4,"column":2},"end":{"line":15,"column":8}}},"fnMap":{"0":{"name":"(anonymous_0)","decl":{"start":{"line":3,"column":19},"end":{"line":3,"column":20}},"loc":{"start":{"line":4,"column":2},"end":{"line":15,"column":8}},"line":4}},"branchMap":{},"s":{"0":3,"1":2},"f":{"0":2},"b":{},"_coverageSchema":"1a1c01bbd47fc00a2c39e90264f33305004495a9","hash":"4cdb8e65e45776552c113b99bd6f664df39586ab"}
,"/private/tmp/react-native-payment-card-icons/src/icons/AlipayMonoOutline.tsx": {"path":"/private/tmp/react-native-payment-card-icons/src/icons/AlipayMonoOutline.tsx","statementMap":{"0":{"start":{"line":3,"column":26},"end":{"line":33,"column":1}},"1":{"start":{"line":4,"column":2},"end":{"line":32,"column":8}}},"fnMap":{"0":{"name":"(anonymous_0)","decl":{"start":{"line":3,"column":26},"end":{"line":3,"column":27}},"loc":{"start":{"line":4,"column":2},"end":{"line":32,"column":8}},"line":4}},"branchMap":{},"s":{"0":3,"1":2},"f":{"0":2},"b":{},"_coverageSchema":"1a1c01bbd47fc00a2c39e90264f33305004495a9","hash":"d313836d2e525c53ba58cf56931cf5c9f98b9e82"}
,"/private/tmp/react-native-payment-card-icons/src/icons/AmexFlat.tsx": {"path":"/private/tmp/react-native-payment-card-icons/src/icons/AmexFlat.tsx","statementMap":{"0":{"start":{"line":3,"column":17},"end":{"line":17,"column":1}},"1":{"start":{"line":4,"column":2},"end":{"line":16,"column":8}}},"fnMap":{"0":{"name":"(anonymous_0)","decl":{"start":{"line":3,"column":17},"end":{"line":3,"column":18}},"loc":{"start":{"line":4,"column":2},"end":{"line":16,"column":8}},"line":4}},"branchMap":{},"s":{"0":4,"1":6},"f":{"0":6},"b":{},"_coverageSchema":"1a1c01bbd47fc00a2c39e90264f33305004495a9","hash":"588498c7d26b890c2d22f23f9a50f344468a922a"}
,"/private/tmp/react-native-payment-card-icons/src/icons/AmexFlatRounded.tsx": {"path":"/private/tmp/react-native-payment-card-icons/src/icons/AmexFlatRounded.tsx","statementMap":{"0":{"start":{"line":3,"column":24},"end":{"line":20,"column":1}},"1":{"start":{"line":4,"column":2},"end":{"line":19,"column":8}}},"fnMap":{"0":{"name":"(anonymous_0)","decl":{"start":{"line":3,"column":24},"end":{"line":3,"column":25}},"loc":{"start":{"line":4,"column":2},"end":{"line":19,"column":8}},"line":4}},"branchMap":{},"s":{"0":3,"1":0},"f":{"0":0},"b":{},"_coverageSchema":"1a1c01bbd47fc00a2c39e90264f33305004495a9","hash":"3b7ea2d7d75fd4284e3005e95419a1acda69e5b6"}
,"/private/tmp/react-native-payment-card-icons/src/icons/AmexLogo.tsx": {"path":"/private/tmp/react-native-payment-card-icons/src/icons/AmexLogo.tsx","statementMap":{"0":{"start":{"line":3,"column":17},"end":{"line":16,"column":1}},"1":{"start":{"line":4,"column":2},"end":{"line":15,"column":8}}},"fnMap":{"0":{"name":"(anonymous_0)","decl":{"start":{"line":3,"column":17},"end":{"line":3,"column":18}},"loc":{"start":{"line":4,"column":2},"end":{"line":15,"column":8}},"line":4}},"branchMap":{},"s":{"0":3,"1":1},"f":{"0":1},"b":{},"_coverageSchema":"1a1c01bbd47fc00a2c39e90264f33305004495a9","hash":"311829c19c8e71fc826bf50539792395b6d93892"}
,"/private/tmp/react-native-payment-card-icons/src/icons/AmexLogoBorder.tsx": {"path":"/private/tmp/react-native-payment-card-icons/src/icons/AmexLogoBorder.tsx","statementMap":{"0":{"start":{"line":3,"column":23},"end":{"line":18,"column":1}},"1":{"start":{"line":4,"column":2},"end":{"line":17,"column":8}}},"fnMap":{"0":{"name":"(anonymous_0)","decl":{"start":{"line":3,"column":23},"end":{"line":3,"column":24}},"loc":{"start":{"line":4,"column":2},"end":{"line":17,"column":8}},"line":4}},"branchMap":{},"s":{"0":3,"1":0},"f":{"0":0},"b":{},"_coverageSchema":"1a1c01bbd47fc00a2c39e90264f33305004495a9","hash":"067cfe12cfc79de1f1730cd358f6106045b312f3"}
,"/private/tmp/react-native-payment-card-icons/src/icons/AmexMono.tsx": {"path":"/private/tmp/react-native-payment-card-icons/src/icons/AmexMono.tsx","statementMap":{"0":{"start":{"line":3,"column":17},"end":{"line":20,"column":1}},"1":{"start":{"line":4,"column":2},"end":{"line":19,"column":8}}},"fnMap":{"0":{"name":"(anonymous_0)","decl":{"start":{"line":3,"column":17},"end":{"line":3,"column":18}},"loc":{"start":{"line":4,"column":2},"end":{"line":19,"column":8}},"line":4}},"branchMap":{},"s":{"0":3,"1":0},"f":{"0":0},"b":{},"_coverageSchema":"1a1c01bbd47fc00a2c39e90264f33305004495a9","hash":"6332f431cb454d3a75e5cfa71acba3a4b084f169"}
,"/private/tmp/react-native-payment-card-icons/src/icons/AmexMonoOutline.tsx": {"path":"/private/tmp/react-native-payment-card-icons/src/icons/AmexMonoOutline.tsx","statementMap":{"0":{"start":{"line":3,"column":24},"end":{"line":38,"column":1}},"1":{"start":{"line":4,"column":2},"end":{"line":37,"column":8}}},"fnMap":{"0":{"name":"(anonymous_0)","decl":{"start":{"line":3,"column":24},"end":{"line":3,"column":25}},"loc":{"start":{"line":4,"column":2},"end":{"line":37,"column":8}},"line":4}},"branchMap":{},"s":{"0":3,"1":0},"f":{"0":0},"b":{},"_coverageSchema":"1a1c01bbd47fc00a2c39e90264f33305004495a9","hash":"9e72d408315857d9b922eb77cbe07a57113a5ab4"}
,"/private/tmp/react-native-payment-card-icons/src/icons/DinersFlat.tsx": {"path":"/private/tmp/react-native-payment-card-icons/src/icons/DinersFlat.tsx","statementMap":{"0":{"start":{"line":3,"column":19},"end":{"line":25,"column":1}},"1":{"start":{"line":4,"column":2},"end":{"line":24,"column":8}}},"fnMap":{"0":{"name":"(anonymous_0)","decl":{"start":{"line":3,"column":19},"end":{"line":3,"column":20}},"loc":{"start":{"line":4,"column":2},"end":{"line":24,"column":8}},"line":4}},"branchMap":{},"s":{"0":3,"1":0},"f":{"0":0},"b":{},"_coverageSchema":"1a1c01bbd47fc00a2c39e90264f33305004495a9","hash":"4056963199b2ddb241e161d1e4fe7f49d29aa16c"}
,"/private/tmp/react-native-payment-card-icons/src/icons/DinersFlatRounded.tsx": {"path":"/private/tmp/react-native-payment-card-icons/src/icons/DinersFlatRounded.tsx","statementMap":{"0":{"start":{"line":3,"column":26},"end":{"line":28,"column":1}},"1":{"start":{"line":4,"column":2},"end":{"line":27,"column":8}}},"fnMap":{"0":{"name":"(anonymous_0)","decl":{"start":{"line":3,"column":26},"end":{"line":3,"column":27}},"loc":{"start":{"line":4,"column":2},"end":{"line":27,"column":8}},"line":4}},"branchMap":{},"s":{"0":3,"1":0},"f":{"0":0},"b":{},"_coverageSchema":"1a1c01bbd47fc00a2c39e90264f33305004495a9","hash":"60ced61f5ec8109eba8c09ca764ab9ff0e1dddd3"}
,"/private/tmp/react-native-payment-card-icons/src/icons/DinersLogo.tsx": {"path":"/private/tmp/react-native-payment-card-icons/src/icons/DinersLogo.tsx","statementMap":{"0":{"start":{"line":3,"column":19},"end":{"line":24,"column":1}},"1":{"start":{"line":4,"column":2},"end":{"line":23,"column":8}}},"fnMap":{"0":{"name":"(anonymous_0)","decl":{"start":{"line":3,"column":19},"end":{"line":3,"column":20}},"loc":{"start":{"line":4,"column":2},"end":{"line":23,"column":8}},"line":4}},"branchMap":{},"s":{"0":3,"1":0},"f":{"0":0},"b":{},"_coverageSchema":"1a1c01bbd47fc00a2c39e90264f33305004495a9","hash":"70f2490b6e6cdeafedaf5590fb81f8929f58cb8e"}
,"/private/tmp/react-native-payment-card-icons/src/icons/DinersLogoBorder.tsx": {"path":"/private/tmp/react-native-payment-card-icons/src/icons/DinersLogoBorder.tsx","statementMap":{"0":{"start":{"line":3,"column":25},"end":{"line":25,"column":1}},"1":{"start":{"line":4,"column":2},"end":{"line":24,"column":8}}},"fnMap":{"0":{"name":"(anonymous_0)","decl":{"start":{"line":3,"column":25},"end":{"line":3,"column":26}},"loc":{"start":{"line":4,"column":2},"end":{"line":24,"column":8}},"line":4}},"branchMap":{},"s":{"0":3,"1":0},"f":{"0":0},"b":{},"_coverageSchema":"1a1c01bbd47fc00a2c39e90264f33305004495a9","hash":"a2b284f48e6f544b638c101ca512f32fca5c1cd0"}
,"/private/tmp/react-native-payment-card-icons/src/icons/DinersMono.tsx": {"path":"/private/tmp/react-native-payment-card-icons/src/icons/DinersMono.tsx","statementMap":{"0":{"start":{"line":3,"column":19},"end":{"line":16,"column":1}},"1":{"start":{"line":4,"column":2},"end":{"line":15,"column":8}}},"fnMap":{"0":{"name":"(anonymous_0)","decl":{"start":{"line":3,"column":19},"end":{"line":3,"column":20}},"loc":{"start":{"line":4,"column":2},"end":{"line":15,"column":8}},"line":4}},"branchMap":{},"s":{"0":3,"1":0},"f":{"0":0},"b":{},"_coverageSchema":"1a1c01bbd47fc00a2c39e90264f33305004495a9","hash":"b19db21f69c9773efc99eb0bba000f057bd32003"}
,"/private/tmp/react-native-payment-card-icons/src/icons/DinersMonoOutline.tsx": {"path":"/private/tmp/react-native-payment-card-icons/src/icons/DinersMonoOutline.tsx","statementMap":{"0":{"start":{"line":3,"column":26},"end":{"line":22,"column":1}},"1":{"start":{"line":4,"column":2},"end":{"line":21,"column":8}}},"fnMap":{"0":{"name":"(anonymous_0)","decl":{"start":{"line":3,"column":26},"end":{"line":3,"column":27}},"loc":{"start":{"line":4,"column":2},"end":{"line":21,"column":8}},"line":4}},"branchMap":{},"s":{"0":3,"1":0},"f":{"0":0},"b":{},"_coverageSchema":"1a1c01bbd47fc00a2c39e90264f33305004495a9","hash":"4b30b3a615c70ef6af92cc4dd4e07b98cc49bd1d"}
,"/private/tmp/react-native-payment-card-icons/src/icons/DiscoverFlat.tsx": {"path":"/private/tmp/react-native-payment-card-icons/src/icons/DiscoverFlat.tsx","statementMap":{"0":{"start":{"line":3,"column":21},"end":{"line":20,"column":1}},"1":{"start":{"line":4,"column":2},"end":{"line":19,"column":8}}},"fnMap":{"0":{"name":"(anonymous_0)","decl":{"start":{"line":3,"column":21},"end":{"line":3,"column":22}},"loc":{"start":{"line":4,"column":2},"end":{"line":19,"column":8}},"line":4}},"branchMap":{},"s":{"0":3,"1":0},"f":{"0":0},"b":{},"_coverageSchema":"1a1c01bbd47fc00a2c39e90264f33305004495a9","hash":"d71c5aee7ffdce7d6928ee447387019911fbc2b6"}
,"/private/tmp/react-native-payment-card-icons/src/icons/DiscoverFlatRounded.tsx": {"path":"/private/tmp/react-native-payment-card-icons/src/icons/DiscoverFlatRounded.tsx","statementMap":{"0":{"start":{"line":3,"column":28},"end":{"line":20,"column":1}},"1":{"start":{"line":4,"column":2},"end":{"line":19,"column":8}}},"fnMap":{"0":{"name":"(anonymous_0)","decl":{"start":{"line":3,"column":28},"end":{"line":3,"column":29}},"loc":{"start":{"line":4,"column":2},"end":{"line":19,"column":8}},"line":4}},"branchMap":{},"s":{"0":3,"1":0},"f":{"0":0},"b":{},"_coverageSchema":"1a1c01bbd47fc00a2c39e90264f33305004495a9","hash":"844d17a5611441467056c792157da19396ce9330"}
,"/private/tmp/react-native-payment-card-icons/src/icons/DiscoverLogo.tsx": {"path":"/private/tmp/react-native-payment-card-icons/src/icons/DiscoverLogo.tsx","statementMap":{"0":{"start":{"line":3,"column":21},"end":{"line":17,"column":1}},"1":{"start":{"line":4,"column":2},"end":{"line":16,"column":8}}},"fnMap":{"0":{"name":"(anonymous_0)","decl":{"start":{"line":3,"column":21},"end":{"line":3,"column":22}},"loc":{"start":{"line":4,"column":2},"end":{"line":16,"column":8}},"line":4}},"branchMap":{},"s":{"0":3,"1":0},"f":{"0":0},"b":{},"_coverageSchema":"1a1c01bbd47fc00a2c39e90264f33305004495a9","hash":"b504cccbb145d073b57b0ea11d4f91f52846f7cf"}
,"/private/tmp/react-native-payment-card-icons/src/icons/DiscoverLogoBorder.tsx": {"path":"/private/tmp/react-native-payment-card-icons/src/icons/DiscoverLogoBorder.tsx","statementMap":{"0":{"start":{"line":3,"column":27},"end":{"line":18,"column":1}},"1":{"start":{"line":4,"column":2},"end":{"line":17,"column":8}}},"fnMap":{"0":{"name":"(anonymous_0)","decl":{"start":{"line":3,"column":27},"end":{"line":3,"column":28}},"loc":{"start":{"line":4,"column":2},"end":{"line":17,"column":8}},"line":4}},"branchMap":{},"s":{"0":3,"1":0},"f":{"0":0},"b":{},"_coverageSchema":"1a1c01bbd47fc00a2c39e90264f33305004495a9","hash":"09e0229a2eb3d250fe44f76295442849e2bbce07"}
,"/private/tmp/react-native-payment-card-icons/src/icons/DiscoverMono.tsx": {"path":"/private/tmp/react-native-payment-card-icons/src/icons/DiscoverMono.tsx","statementMap":{"0":{"start":{"line":3,"column":21},"end":{"line":20,"column":1}},"1":{"start":{"line":4,"column":2},"end":{"line":19,"column":8}}},"fnMap":{"0":{"name":"(anonymous_0)","decl":{"start":{"line":3,"column":21},"end":{"line":3,"column":22}},"loc":{"start":{"line":4,"column":2},"end":{"line":19,"column":8}},"line":4}},"branchMap":{},"s":{"0":3,"1":0},"f":{"0":0},"b":{},"_coverageSchema":"1a1c01bbd47fc00a2c39e90264f33305004495a9","hash":"2973413ff93f5f938631fd287efb512f4c8a04dc"}
,"/private/tmp/react-native-payment-card-icons/src/icons/DiscoverMonoOutline.tsx": {"path":"/private/tmp/react-native-payment-card-icons/src/icons/DiscoverMonoOutline.tsx","statementMap":{"0":{"start":{"line":3,"column":28},"end":{"line":10,"column":1}},"1":{"start":{"line":4,"column":2},"end":{"line":9,"column":8}}},"fnMap":{"0":{"name":"(anonymous_0)","decl":{"start":{"line":3,"column":28},"end":{"line":3,"column":29}},"loc":{"start":{"line":4,"column":2},"end":{"line":9,"column":8}},"line":4}},"branchMap":{},"s":{"0":3,"1":0},"f":{"0":0},"b":{},"_coverageSchema":"1a1c01bbd47fc00a2c39e90264f33305004495a9","hash":"d2f3eadfb2a091074388292d3cb6ee8904a7db64"}
,"/private/tmp/react-native-payment-card-icons/src/icons/EloFlat.tsx": {"path":"/private/tmp/react-native-payment-card-icons/src/icons/EloFlat.tsx","statementMap":{"0":{"start":{"line":3,"column":16},"end":{"line":29,"column":1}},"1":{"start":{"line":4,"column":2},"end":{"line":28,"column":8}}},"fnMap":{"0":{"name":"(anonymous_0)","decl":{"start":{"line":3,"column":16},"end":{"line":3,"column":17}},"loc":{"start":{"line":4,"column":2},"end":{"line":28,"column":8}},"line":4}},"branchMap":{},"s":{"0":3,"1":0},"f":{"0":0},"b":{},"_coverageSchema":"1a1c01bbd47fc00a2c39e90264f33305004495a9","hash":"daf476554f8c38985ffe627e9e9d9846818b5d9b"}
,"/private/tmp/react-native-payment-card-icons/src/icons/EloFlatRounded.tsx": {"path":"/private/tmp/react-native-payment-card-icons/src/icons/EloFlatRounded.tsx","statementMap":{"0":{"start":{"line":3,"column":23},"end":{"line":29,"column":1}},"1":{"start":{"line":4,"column":2},"end":{"line":28,"column":8}}},"fnMap":{"0":{"name":"(anonymous_0)","decl":{"start":{"line":3,"column":23},"end":{"line":3,"column":24}},"loc":{"start":{"line":4,"column":2},"end":{"line":28,"column":8}},"line":4}},"branchMap":{},"s":{"0":3,"1":0},"f":{"0":0},"b":{},"_coverageSchema":"1a1c01bbd47fc00a2c39e90264f33305004495a9","hash":"bdc21bef7d238e9ee665e466b08a551042fb3c23"}
,"/private/tmp/react-native-payment-card-icons/src/icons/EloLogo.tsx": {"path":"/private/tmp/react-native-payment-card-icons/src/icons/EloLogo.tsx","statementMap":{"0":{"start":{"line":3,"column":16},"end":{"line":25,"column":1}},"1":{"start":{"line":4,"column":2},"end":{"line":24,"column":8}}},"fnMap":{"0":{"name":"(anonymous_0)","decl":{"start":{"line":3,"column":16},"end":{"line":3,"column":17}},"loc":{"start":{"line":4,"column":2},"end":{"line":24,"column":8}},"line":4}},"branchMap":{},"s":{"0":3,"1":0},"f":{"0":0},"b":{},"_coverageSchema":"1a1c01bbd47fc00a2c39e90264f33305004495a9","hash":"f41d94ed0e95b39d151c4109896c21112f37ddfe"}
,"/private/tmp/react-native-payment-card-icons/src/icons/EloLogoBorder.tsx": {"path":"/private/tmp/react-native-payment-card-icons/src/icons/EloLogoBorder.tsx","statementMap":{"0":{"start":{"line":3,"column":22},"end":{"line":26,"column":1}},"1":{"start":{"line":4,"column":2},"end":{"line":25,"column":8}}},"fnMap":{"0":{"name":"(anonymous_0)","decl":{"start":{"line":3,"column":22},"end":{"line":3,"column":23}},"loc":{"start":{"line":4,"column":2},"end":{"line":25,"column":8}},"line":4}},"branchMap":{},"s":{"0":3,"1":0},"f":{"0":0},"b":{},"_coverageSchema":"1a1c01bbd47fc00a2c39e90264f33305004495a9","hash":"c3053ced99f1eb37b6d684a5d328a41b8d20b44f"}
,"/private/tmp/react-native-payment-card-icons/src/icons/EloMono.tsx": {"path":"/private/tmp/react-native-payment-card-icons/src/icons/EloMono.tsx","statementMap":{"0":{"start":{"line":3,"column":16},"end":{"line":20,"column":1}},"1":{"start":{"line":4,"column":2},"end":{"line":19,"column":8}}},"fnMap":{"0":{"name":"(anonymous_0)","decl":{"start":{"line":3,"column":16},"end":{"line":3,"column":17}},"loc":{"start":{"line":4,"column":2},"end":{"line":19,"column":8}},"line":4}},"branchMap":{},"s":{"0":3,"1":0},"f":{"0":0},"b":{},"_coverageSchema":"1a1c01bbd47fc00a2c39e90264f33305004495a9","hash":"d93aa338387d5c2fc49a273ab3dc5e180b4425a8"}
,"/private/tmp/react-native-payment-card-icons/src/icons/EloMonoOutline.tsx": {"path":"/private/tmp/react-native-payment-card-icons/src/icons/EloMonoOutline.tsx","statementMap":{"0":{"start":{"line":3,"column":23},"end":{"line":16,"column":1}},"1":{"start":{"line":4,"column":2},"end":{"line":15,"column":8}}},"fnMap":{"0":{"name":"(anonymous_0)","decl":{"start":{"line":3,"column":23},"end":{"line":3,"column":24}},"loc":{"start":{"line":4,"column":2},"end":{"line":15,"column":8}},"line":4}},"branchMap":{},"s":{"0":3,"1":0},"f":{"0":0},"b":{},"_coverageSchema":"1a1c01bbd47fc00a2c39e90264f33305004495a9","hash":"aa838c848dc5aedba19e951c27b209cc21b51540"}
,"/private/tmp/react-native-payment-card-icons/src/icons/GenericCardFlat.tsx": {"path":"/private/tmp/react-native-payment-card-icons/src/icons/GenericCardFlat.tsx","statementMap":{"0":{"start":{"line":3,"column":24},"end":{"line":23,"column":1}},"1":{"start":{"line":4,"column":2},"end":{"line":22,"column":8}}},"fnMap":{"0":{"name":"(anonymous_0)","decl":{"start":{"line":3,"column":24},"end":{"line":3,"column":25}},"loc":{"start":{"line":4,"column":2},"end":{"line":22,"column":8}},"line":4}},"branchMap":{},"s":{"0":3,"1":2},"f":{"0":2},"b":{},"_coverageSchema":"1a1c01bbd47fc00a2c39e90264f33305004495a9","hash":"f7d3ce25d2d001ef7fe4dd12e1a0daf8462aa62e"}
,"/private/tmp/react-native-payment-card-icons/src/icons/GenericCardFlatRounded.tsx": {"path":"/private/tmp/react-native-payment-card-icons/src/icons/GenericCardFlatRounded.tsx","statementMap":{"0":{"start":{"line":3,"column":31},"end":{"line":26,"column":1}},"1":{"start":{"line":4,"column":2},"end":{"line":25,"column":8}}},"fnMap":{"0":{"name":"(anonymous_0)","decl":{"start":{"line":3,"column":31},"end":{"line":3,"column":32}},"loc":{"start":{"line":4,"column":2},"end":{"line":25,"column":8}},"line":4}},"branchMap":{},"s":{"0":3,"1":0},"f":{"0":0},"b":{},"_coverageSchema":"1a1c01bbd47fc00a2c39e90264f33305004495a9","hash":"d11000b75e6ae794f7eabc475c0a6371a9c2c11b"}
,"/private/tmp/react-native-payment-card-icons/src/icons/GenericCardLogo.tsx": {"path":"/private/tmp/react-native-payment-card-icons/src/icons/GenericCardLogo.tsx","statementMap":{"0":{"start":{"line":3,"column":24},"end":{"line":23,"column":1}},"1":{"start":{"line":4,"column":2},"end":{"line":22,"column":8}}},"fnMap":{"0":{"name":"(anonymous_0)","decl":{"start":{"line":3,"column":24},"end":{"line":3,"column":25}},"loc":{"start":{"line":4,"column":2},"end":{"line":22,"column":8}},"line":4}},"branchMap":{},"s":{"0":3,"1":0},"f":{"0":0},"b":{},"_coverageSchema":"1a1c01bbd47fc00a2c39e90264f33305004495a9","hash":"06576a4d6a36d6a8648fb949c27ddc4757339c62"}
,"/private/tmp/react-native-payment-card-icons/src/icons/GenericCardLogoBorder.tsx": {"path":"/private/tmp/react-native-payment-card-icons/src/icons/GenericCardLogoBorder.tsx","statementMap":{"0":{"start":{"line":3,"column":30},"end":{"line":26,"column":1}},"1":{"start":{"line":4,"column":2},"end":{"line":25,"column":8}}},"fnMap":{"0":{"name":"(anonymous_0)","decl":{"start":{"line":3,"column":30},"end":{"line":3,"column":31}},"loc":{"start":{"line":4,"column":2},"end":{"line":25,"column":8}},"line":4}},"branchMap":{},"s":{"0":3,"1":0},"f":{"0":0},"b":{},"_coverageSchema":"1a1c01bbd47fc00a2c39e90264f33305004495a9","hash":"9ed08aec9137c8a256dac506bb96ce5b7f82d18b"}
,"/private/tmp/react-native-payment-card-icons/src/icons/GenericCardMono.tsx": {"path":"/private/tmp/react-native-payment-card-icons/src/icons/GenericCardMono.tsx","statementMap":{"0":{"start":{"line":3,"column":24},"end":{"line":32,"column":1}},"1":{"start":{"line":4,"column":2},"end":{"line":31,"column":8}}},"fnMap":{"0":{"name":"(anonymous_0)","decl":{"start":{"line":3,"column":24},"end":{"line":3,"column":25}},"loc":{"start":{"line":4,"column":2},"end":{"line":31,"column":8}},"line":4}},"branchMap":{},"s":{"0":3,"1":1},"f":{"0":1},"b":{},"_coverageSchema":"1a1c01bbd47fc00a2c39e90264f33305004495a9","hash":"91cd0f9deff6e19a34877bedd3d59b2322a5e563"}
,"/private/tmp/react-native-payment-card-icons/src/icons/GenericCardMonoOutline.tsx": {"path":"/private/tmp/react-native-payment-card-icons/src/icons/GenericCardMonoOutline.tsx","statementMap":{"0":{"start":{"line":3,"column":31},"end":{"line":26,"column":1}},"1":{"start":{"line":4,"column":2},"end":{"line":25,"column":8}}},"fnMap":{"0":{"name":"(anonymous_0)","decl":{"start":{"line":3,"column":31},"end":{"line":3,"column":32}},"loc":{"start":{"line":4,"column":2},"end":{"line":25,"column":8}},"line":4}},"branchMap":{},"s":{"0":3,"1":0},"f":{"0":0},"b":{},"_coverageSchema":"1a1c01bbd47fc00a2c39e90264f33305004495a9","hash":"30653f63e8c2fd8332c65cae7d9306f5f6cd8f86"}
,"/private/tmp/react-native-payment-card-icons/src/icons/HiperFlat.tsx": {"path":"/private/tmp/react-native-payment-card-icons/src/icons/HiperFlat.tsx","statementMap":{"0":{"start":{"line":4,"column":18},"end":{"line":42,"column":1}},"1":{"start":{"line":5,"column":2},"end":{"line":41,"column":8}}},"fnMap":{"0":{"name":"(anonymous_0)","decl":{"start":{"line":4,"column":18},"end":{"line":4,"column":19}},"loc":{"start":{"line":5,"column":2},"end":{"line":41,"column":8}},"line":5}},"branchMap":{},"s":{"0":3,"1":0},"f":{"0":0},"b":{},"_coverageSchema":"1a1c01bbd47fc00a2c39e90264f33305004495a9","hash":"186df25d938e410cdee7687e2ffe8d62290520e8"}
,"/private/tmp/react-native-payment-card-icons/src/icons/HiperFlatRounded.tsx": {"path":"/private/tmp/react-native-payment-card-icons/src/icons/HiperFlatRounded.tsx","statementMap":{"0":{"start":{"line":4,"column":25},"end":{"line":42,"column":1}},"1":{"start":{"line":5,"column":2},"end":{"line":41,"column":8}}},"fnMap":{"0":{"name":"(anonymous_0)","decl":{"start":{"line":4,"column":25},"end":{"line":4,"column":26}},"loc":{"start":{"line":5,"column":2},"end":{"line":41,"column":8}},"line":5}},"branchMap":{},"s":{"0":3,"1":0},"f":{"0":0},"b":{},"_coverageSchema":"1a1c01bbd47fc00a2c39e90264f33305004495a9","hash":"39982ea31e7cdada07fa8db466e505a5dd47407f"}
,"/private/tmp/react-native-payment-card-icons/src/icons/HiperLogo.tsx": {"path":"/private/tmp/react-native-payment-card-icons/src/icons/HiperLogo.tsx","statementMap":{"0":{"start":{"line":4,"column":18},"end":{"line":36,"column":1}},"1":{"start":{"line":5,"column":2},"end":{"line":35,"column":8}}},"fnMap":{"0":{"name":"(anonymous_0)","decl":{"start":{"line":4,"column":18},"end":{"line":4,"column":19}},"loc":{"start":{"line":5,"column":2},"end":{"line":35,"column":8}},"line":5}},"branchMap":{},"s":{"0":3,"1":0},"f":{"0":0},"b":{},"_coverageSchema":"1a1c01bbd47fc00a2c39e90264f33305004495a9","hash":"e3efd5f0b7fa6640ee59806f5aaca79de09c391c"}
,"/private/tmp/react-native-payment-card-icons/src/icons/HiperLogoBorder.tsx": {"path":"/private/tmp/react-native-payment-card-icons/src/icons/HiperLogoBorder.tsx","statementMap":{"0":{"start":{"line":4,"column":24},"end":{"line":50,"column":1}},"1":{"start":{"line":5,"column":2},"end":{"line":49,"column":8}}},"fnMap":{"0":{"name":"(anonymous_0)","decl":{"start":{"line":4,"column":24},"end":{"line":4,"column":25}},"loc":{"start":{"line":5,"column":2},"end":{"line":49,"column":8}},"line":5}},"branchMap":{},"s":{"0":3,"1":0},"f":{"0":0},"b":{},"_coverageSchema":"1a1c01bbd47fc00a2c39e90264f33305004495a9","hash":"9adf9f079b7912a22f67674855fc4281097ca709"}
,"/private/tmp/react-native-payment-card-icons/src/icons/HiperMono.tsx": {"path":"/private/tmp/react-native-payment-card-icons/src/icons/HiperMono.tsx","statementMap":{"0":{"start":{"line":4,"column":18},"end":{"line":28,"column":1}},"1":{"start":{"line":5,"column":2},"end":{"line":27,"column":8}}},"fnMap":{"0":{"name":"(anonymous_0)","decl":{"start":{"line":4,"column":18},"end":{"line":4,"column":19}},"loc":{"start":{"line":5,"column":2},"end":{"line":27,"column":8}},"line":5}},"branchMap":{},"s":{"0":3,"1":0},"f":{"0":0},"b":{},"_coverageSchema":"1a1c01bbd47fc00a2c39e90264f33305004495a9","hash":"c3d3887cbdca8df642039ae978cef66e819be095"}
,"/private/tmp/react-native-payment-card-icons/src/icons/HiperMonoOutline.tsx": {"path":"/private/tmp/react-native-payment-card-icons/src/icons/HiperMonoOutline.tsx","statementMap":{"0":{"start":{"line":4,"column":25},"end":{"line":38,"column":1}},"1":{"start":{"line":5,"column":2},"end":{"line":37,"column":8}}},"fnMap":{"0":{"name":"(anonymous_0)","decl":{"start":{"line":4,"column":25},"end":{"line":4,"column":26}},"loc":{"start":{"line":5,"column":2},"end":{"line":37,"column":8}},"line":5}},"branchMap":{},"s":{"0":3,"1":0},"f":{"0":0},"b":{},"_coverageSchema":"1a1c01bbd47fc00a2c39e90264f33305004495a9","hash":"9a4870c7ed3eb37e8cf8ce87d640d188d5798741"}
,"/private/tmp/react-native-payment-card-icons/src/icons/HipercardFlat.tsx": {"path":"/private/tmp/react-native-payment-card-icons/src/icons/HipercardFlat.tsx","statementMap":{"0":{"start":{"line":3,"column":22},"end":{"line":17,"column":1}},"1":{"start":{"line":4,"column":2},"end":{"line":16,"column":8}}},"fnMap":{"0":{"name":"(anonymous_0)","decl":{"start":{"line":3,"column":22},"end":{"line":3,"column":23}},"loc":{"start":{"line":4,"column":2},"end":{"line":16,"column":8}},"line":4}},"branchMap":{},"s":{"0":3,"1":0},"f":{"0":0},"b":{},"_coverageSchema":"1a1c01bbd47fc00a2c39e90264f33305004495a9","hash":"6e590f660a22b6cac58f06c5e50d3447b3c32abd"}
,"/private/tmp/react-native-payment-card-icons/src/icons/HipercardFlatRounded.tsx": {"path":"/private/tmp/react-native-payment-card-icons/src/icons/HipercardFlatRounded.tsx","statementMap":{"0":{"start":{"line":3,"column":29},"end":{"line":20,"column":1}},"1":{"start":{"line":4,"column":2},"end":{"line":19,"column":8}}},"fnMap":{"0":{"name":"(anonymous_0)","decl":{"start":{"line":3,"column":29},"end":{"line":3,"column":30}},"loc":{"start":{"line":4,"column":2},"end":{"line":19,"column":8}},"line":4}},"branchMap":{},"s":{"0":3,"1":0},"f":{"0":0},"b":{},"_coverageSchema":"1a1c01bbd47fc00a2c39e90264f33305004495a9","hash":"d9884ca09a02b01048e78e1647ef07f03133c949"}
,"/private/tmp/react-native-payment-card-icons/src/icons/HipercardLogo.tsx": {"path":"/private/tmp/react-native-payment-card-icons/src/icons/HipercardLogo.tsx","statementMap":{"0":{"start":{"line":3,"column":22},"end":{"line":20,"column":1}},"1":{"start":{"line":4,"column":2},"end":{"line":19,"column":8}}},"fnMap":{"0":{"name":"(anonymous_0)","decl":{"start":{"line":3,"column":22},"end":{"line":3,"column":23}},"loc":{"start":{"line":4,"column":2},"end":{"line":19,"column":8}},"line":4}},"branchMap":{},"s":{"0":3,"1":0},"f":{"0":0},"b":{},"_coverageSchema":"1a1c01bbd47fc00a2c39e90264f33305004495a9","hash":"36ca0a1dd63de35bcc94509cace5065d2c0e262f"}
,"/private/tmp/react-native-payment-card-icons/src/icons/HipercardLogoBorder.tsx": {"path":"/private/tmp/react-native-payment-card-icons/src/icons/HipercardLogoBorder.tsx","statementMap":{"0":{"start":{"line":3,"column":28},"end":{"line":21,"column":1}},"1":{"start":{"line":4,"column":2},"end":{"line":20,"column":8}}},"fnMap":{"0":{"name":"(anonymous_0)","decl":{"start":{"line":3,"column":28},"end":{"line":3,"column":29}},"loc":{"start":{"line":4,"column":2},"end":{"line":20,"column":8}},"line":4}},"branchMap":{},"s":{"0":3,"1":0},"f":{"0":0},"b":{},"_coverageSchema":"1a1c01bbd47fc00a2c39e90264f33305004495a9","hash":"4fac7c5d92dd0e235ac0a5b129f242693e83c413"}
,"/private/tmp/react-native-payment-card-icons/src/icons/HipercardMono.tsx": {"path":"/private/tmp/react-native-payment-card-icons/src/icons/HipercardMono.tsx","statementMap":{"0":{"start":{"line":3,"column":22},"end":{"line":28,"column":1}},"1":{"start":{"line":4,"column":2},"end":{"line":27,"column":8}}},"fnMap":{"0":{"name":"(anonymous_0)","decl":{"start":{"line":3,"column":22},"end":{"line":3,"column":23}},"loc":{"start":{"line":4,"column":2},"end":{"line":27,"column":8}},"line":4}},"branchMap":{},"s":{"0":3,"1":0},"f":{"0":0},"b":{},"_coverageSchema":"1a1c01bbd47fc00a2c39e90264f33305004495a9","hash":"ab5a02054835146994cac413bef90e13bafb6b07"}
,"/private/tmp/react-native-payment-card-icons/src/icons/HipercardMonoOutline.tsx": {"path":"/private/tmp/react-native-payment-card-icons/src/icons/HipercardMonoOutline.tsx","statementMap":{"0":{"start":{"line":3,"column":29},"end":{"line":26,"column":1}},"1":{"start":{"line":4,"column":2},"end":{"line":25,"column":8}}},"fnMap":{"0":{"name":"(anonymous_0)","decl":{"start":{"line":3,"column":29},"end":{"line":3,"column":30}},"loc":{"start":{"line":4,"column":2},"end":{"line":25,"column":8}},"line":4}},"branchMap":{},"s":{"0":3,"1":0},"f":{"0":0},"b":{},"_coverageSchema":"1a1c01bbd47fc00a2c39e90264f33305004495a9","hash":"6ade23aa1e7cf842856ab2466d9f1aabac2a96d1"}
,"/private/tmp/react-native-payment-card-icons/src/icons/JcbFlat.tsx": {"path":"/private/tmp/react-native-payment-card-icons/src/icons/JcbFlat.tsx","statementMap":{"0":{"start":{"line":3,"column":16},"end":{"line":65,"column":1}},"1":{"start":{"line":4,"column":2},"end":{"line":64,"column":8}}},"fnMap":{"0":{"name":"(anonymous_0)","decl":{"start":{"line":3,"column":16},"end":{"line":3,"column":17}},"loc":{"start":{"line":4,"column":2},"end":{"line":64,"column":8}},"line":4}},"branchMap":{},"s":{"0":3,"1":0},"f":{"0":0},"b":{},"_coverageSchema":"1a1c01bbd47fc00a2c39e90264f33305004495a9","hash":"27889428db3feda71d55d3e0e5732f3bf80b4f96"}
,"/private/tmp/react-native-payment-card-icons/src/icons/JcbFlatRounded.tsx": {"path":"/private/tmp/react-native-payment-card-icons/src/icons/JcbFlatRounded.tsx","statementMap":{"0":{"start":{"line":3,"column":23},"end":{"line":68,"column":1}},"1":{"start":{"line":4,"column":2},"end":{"line":67,"column":8}}},"fnMap":{"0":{"name":"(anonymous_0)","decl":{"start":{"line":3,"column":23},"end":{"line":3,"column":24}},"loc":{"start":{"line":4,"column":2},"end":{"line":67,"column":8}},"line":4}},"branchMap":{},"s":{"0":3,"1":0},"f":{"0":0},"b":{},"_coverageSchema":"1a1c01bbd47fc00a2c39e90264f33305004495a9","hash":"73d1725b3bf86b6aff07fa24f172b7e8baaab882"}
,"/private/tmp/react-native-payment-card-icons/src/icons/JcbLogo.tsx": {"path":"/private/tmp/react-native-payment-card-icons/src/icons/JcbLogo.tsx","statementMap":{"0":{"start":{"line":3,"column":16},"end":{"line":64,"column":1}},"1":{"start":{"line":4,"column":2},"end":{"line":63,"column":8}}},"fnMap":{"0":{"name":"(anonymous_0)","decl":{"start":{"line":3,"column":16},"end":{"line":3,"column":17}},"loc":{"start":{"line":4,"column":2},"end":{"line":63,"column":8}},"line":4}},"branchMap":{},"s":{"0":3,"1":0},"f":{"0":0},"b":{},"_coverageSchema":"1a1c01bbd47fc00a2c39e90264f33305004495a9","hash":"1a2bc4cdb1e161f3b0b2b52b5c4e5403e41fada0"}
,"/private/tmp/react-native-payment-card-icons/src/icons/JcbLogoBorder.tsx": {"path":"/private/tmp/react-native-payment-card-icons/src/icons/JcbLogoBorder.tsx","statementMap":{"0":{"start":{"line":3,"column":22},"end":{"line":65,"column":1}},"1":{"start":{"line":4,"column":2},"end":{"line":64,"column":8}}},"fnMap":{"0":{"name":"(anonymous_0)","decl":{"start":{"line":3,"column":22},"end":{"line":3,"column":23}},"loc":{"start":{"line":4,"column":2},"end":{"line":64,"column":8}},"line":4}},"branchMap":{},"s":{"0":3,"1":0},"f":{"0":0},"b":{},"_coverageSchema":"1a1c01bbd47fc00a2c39e90264f33305004495a9","hash":"1ee089a3ef2dcc150a2431d4af47d4084727bca3"}
,"/private/tmp/react-native-payment-card-icons/src/icons/JcbMono.tsx": {"path":"/private/tmp/react-native-payment-card-icons/src/icons/JcbMono.tsx","statementMap":{"0":{"start":{"line":3,"column":16},"end":{"line":16,"column":1}},"1":{"start":{"line":4,"column":2},"end":{"line":15,"column":8}}},"fnMap":{"0":{"name":"(anonymous_0)","decl":{"start":{"line":3,"column":16},"end":{"line":3,"column":17}},"loc":{"start":{"line":4,"column":2},"end":{"line":15,"column":8}},"line":4}},"branchMap":{},"s":{"0":3,"1":0},"f":{"0":0},"b":{},"_coverageSchema":"1a1c01bbd47fc00a2c39e90264f33305004495a9","hash":"7fcd0b68262f09e6b0fe1020a9e21a0c8edbe5a8"}
,"/private/tmp/react-native-payment-card-icons/src/icons/JcbMonoOutline.tsx": {"path":"/private/tmp/react-native-payment-card-icons/src/icons/JcbMonoOutline.tsx","statementMap":{"0":{"start":{"line":3,"column":23},"end":{"line":22,"column":1}},"1":{"start":{"line":4,"column":2},"end":{"line":21,"column":8}}},"fnMap":{"0":{"name":"(anonymous_0)","decl":{"start":{"line":3,"column":23},"end":{"line":3,"column":24}},"loc":{"start":{"line":4,"column":2},"end":{"line":21,"column":8}},"line":4}},"branchMap":{},"s":{"0":3,"1":0},"f":{"0":0},"b":{},"_coverageSchema":"1a1c01bbd47fc00a2c39e90264f33305004495a9","hash":"ac61b0b111eb92092d5932b2531e1ac795c89b33"}
,"/private/tmp/react-native-payment-card-icons/src/icons/MaestroFlat.tsx": {"path":"/private/tmp/react-native-payment-card-icons/src/icons/MaestroFlat.tsx","statementMap":{"0":{"start":{"line":3,"column":20},"end":{"line":27,"column":1}},"1":{"start":{"line":4,"column":2},"end":{"line":26,"column":8}}},"fnMap":{"0":{"name":"(anonymous_0)","decl":{"start":{"line":3,"column":20},"end":{"line":3,"column":21}},"loc":{"start":{"line":4,"column":2},"end":{"line":26,"column":8}},"line":4}},"branchMap":{},"s":{"0":3,"1":0},"f":{"0":0},"b":{},"_coverageSchema":"1a1c01bbd47fc00a2c39e90264f33305004495a9","hash":"776cdadfb6deecbf954c6a434eb1ad89593ab596"}
,"/private/tmp/react-native-payment-card-icons/src/icons/MaestroFlatRounded.tsx": {"path":"/private/tmp/react-native-payment-card-icons/src/icons/MaestroFlatRounded.tsx","statementMap":{"0":{"start":{"line":3,"column":27},"end":{"line":30,"column":1}},"1":{"start":{"line":4,"column":2},"end":{"line":29,"column":8}}},"fnMap":{"0":{"name":"(anonymous_0)","decl":{"start":{"line":3,"column":27},"end":{"line":3,"column":28}},"loc":{"start":{"line":4,"column":2},"end":{"line":29,"column":8}},"line":4}},"branchMap":{},"s":{"0":3,"1":0},"f":{"0":0},"b":{},"_coverageSchema":"1a1c01bbd47fc00a2c39e90264f33305004495a9","hash":"6ee99158402b118bc6ce1aede5bcaf188900785d"}
,"/private/tmp/react-native-payment-card-icons/src/icons/MaestroLogo.tsx": {"path":"/private/tmp/react-native-payment-card-icons/src/icons/MaestroLogo.tsx","statementMap":{"0":{"start":{"line":3,"column":20},"end":{"line":15,"column":1}},"1":{"start":{"line":4,"column":2},"end":{"line":14,"column":8}}},"fnMap":{"0":{"name":"(anonymous_0)","decl":{"start":{"line":3,"column":20},"end":{"line":3,"column":21}},"loc":{"start":{"line":4,"column":2},"end":{"line":14,"column":8}},"line":4}},"branchMap":{},"s":{"0":3,"1":0},"f":{"0":0},"b":{},"_coverageSchema":"1a1c01bbd47fc00a2c39e90264f33305004495a9","hash":"619aab5c1da312d58017920fac2a3fe94d647eeb"}
,"/private/tmp/react-native-payment-card-icons/src/icons/MaestroLogoBorder.tsx": {"path":"/private/tmp/react-native-payment-card-icons/src/icons/MaestroLogoBorder.tsx","statementMap":{"0":{"start":{"line":3,"column":26},"end":{"line":27,"column":1}},"1":{"start":{"line":4,"column":2},"end":{"line":26,"column":8}}},"fnMap":{"0":{"name":"(anonymous_0)","decl":{"start":{"line":3,"column":26},"end":{"line":3,"column":27}},"loc":{"start":{"line":4,"column":2},"end":{"line":26,"column":8}},"line":4}},"branchMap":{},"s":{"0":3,"1":0},"f":{"0":0},"b":{},"_coverageSchema":"1a1c01bbd47fc00a2c39e90264f33305004495a9","hash":"bb4c58029262bbe5f2df6a951f5811ebf2f66f5a"}
,"/private/tmp/react-native-payment-card-icons/src/icons/MaestroMono.tsx": {"path":"/private/tmp/react-native-payment-card-icons/src/icons/MaestroMono.tsx","statementMap":{"0":{"start":{"line":3,"column":20},"end":{"line":22,"column":1}},"1":{"start":{"line":4,"column":2},"end":{"line":21,"column":8}}},"fnMap":{"0":{"name":"(anonymous_0)","decl":{"start":{"line":3,"column":20},"end":{"line":3,"column":21}},"loc":{"start":{"line":4,"column":2},"end":{"line":21,"column":8}},"line":4}},"branchMap":{},"s":{"0":3,"1":0},"f":{"0":0},"b":{},"_coverageSchema":"1a1c01bbd47fc00a2c39e90264f33305004495a9","hash":"907256808e890c69a796f06c83b9ea62f65d9311"}
,"/private/tmp/react-native-payment-card-icons/src/icons/MaestroMonoOutline.tsx": {"path":"/private/tmp/react-native-payment-card-icons/src/icons/MaestroMonoOutline.tsx","statementMap":{"0":{"start":{"line":3,"column":27},"end":{"line":15,"column":1}},"1":{"start":{"line":4,"column":2},"end":{"line":14,"column":8}}},"fnMap":{"0":{"name":"(anonymous_0)","decl":{"start":{"line":3,"column":27},"end":{"line":3,"column":28}},"loc":{"start":{"line":4,"column":2},"end":{"line":14,"column":8}},"line":4}},"branchMap":{},"s":{"0":3,"1":0},"f":{"0":0},"b":{},"_coverageSchema":"1a1c01bbd47fc00a2c39e90264f33305004495a9","hash":"cfd15d9973b2b176c0d7c66ec3f1605134027945"}
,"/private/tmp/react-native-payment-card-icons/src/icons/MastercardFlat.tsx": {"path":"/private/tmp/react-native-payment-card-icons/src/icons/MastercardFlat.tsx","statementMap":{"0":{"start":{"line":3,"column":23},"end":{"line":27,"column":1}},"1":{"start":{"line":4,"column":2},"end":{"line":26,"column":8}}},"fnMap":{"0":{"name":"(anonymous_0)","decl":{"start":{"line":3,"column":23},"end":{"line":3,"column":24}},"loc":{"start":{"line":4,"column":2},"end":{"line":26,"column":8}},"line":4}},"branchMap":{},"s":{"0":3,"1":0},"f":{"0":0},"b":{},"_coverageSchema":"1a1c01bbd47fc00a2c39e90264f33305004495a9","hash":"23604243be1a0fd3b4b88f1023fecd321319107c"}
,"/private/tmp/react-native-payment-card-icons/src/icons/MastercardFlatRounded.tsx": {"path":"/private/tmp/react-native-payment-card-icons/src/icons/MastercardFlatRounded.tsx","statementMap":{"0":{"start":{"line":3,"column":30},"end":{"line":30,"column":1}},"1":{"start":{"line":4,"column":2},"end":{"line":29,"column":8}}},"fnMap":{"0":{"name":"(anonymous_0)","decl":{"start":{"line":3,"column":30},"end":{"line":3,"column":31}},"loc":{"start":{"line":4,"column":2},"end":{"line":29,"column":8}},"line":4}},"branchMap":{},"s":{"0":3,"1":0},"f":{"0":0},"b":{},"_coverageSchema":"1a1c01bbd47fc00a2c39e90264f33305004495a9","hash":"96418087b4f99d72da0f9998d804cca24d0ec8b7"}
,"/private/tmp/react-native-payment-card-icons/src/icons/MastercardLogo.tsx": {"path":"/private/tmp/react-native-payment-card-icons/src/icons/MastercardLogo.tsx","statementMap":{"0":{"start":{"line":3,"column":23},"end":{"line":15,"column":1}},"1":{"start":{"line":4,"column":2},"end":{"line":14,"column":8}}},"fnMap":{"0":{"name":"(anonymous_0)","decl":{"start":{"line":3,"column":23},"end":{"line":3,"column":24}},"loc":{"start":{"line":4,"column":2},"end":{"line":14,"column":8}},"line":4}},"branchMap":{},"s":{"0":3,"1":0},"f":{"0":0},"b":{},"_coverageSchema":"1a1c01bbd47fc00a2c39e90264f33305004495a9","hash":"cfb795d6492f41e3761816008681683df7eb8970"}
,"/private/tmp/react-native-payment-card-icons/src/icons/MastercardLogoBorder.tsx": {"path":"/private/tmp/react-native-payment-card-icons/src/icons/MastercardLogoBorder.tsx","statementMap":{"0":{"start":{"line":3,"column":29},"end":{"line":31,"column":1}},"1":{"start":{"line":4,"column":2},"end":{"line":30,"column":8}}},"fnMap":{"0":{"name":"(anonymous_0)","decl":{"start":{"line":3,"column":29},"end":{"line":3,"column":30}},"loc":{"start":{"line":4,"column":2},"end":{"line":30,"column":8}},"line":4}},"branchMap":{},"s":{"0":3,"1":0},"f":{"0":0},"b":{},"_coverageSchema":"1a1c01bbd47fc00a2c39e90264f33305004495a9","hash":"175534c018b1137b086779aded08f1f3bf0b8c9f"}
,"/private/tmp/react-native-payment-card-icons/src/icons/MastercardMono.tsx": {"path":"/private/tmp/react-native-payment-card-icons/src/icons/MastercardMono.tsx","statementMap":{"0":{"start":{"line":3,"column":23},"end":{"line":16,"column":1}},"1":{"start":{"line":4,"column":2},"end":{"line":15,"column":8}}},"fnMap":{"0":{"name":"(anonymous_0)","decl":{"start":{"line":3,"column":23},"end":{"line":3,"column":24}},"loc":{"start":{"line":4,"column":2},"end":{"line":15,"column":8}},"line":4}},"branchMap":{},"s":{"0":3,"1":0},"f":{"0":0},"b":{},"_coverageSchema":"1a1c01bbd47fc00a2c39e90264f33305004495a9","hash":"0bc27fb640a50527637ec259431576d8e8a378f7"}
,"/private/tmp/react-native-payment-card-icons/src/icons/MastercardMonoOutline.tsx": {"path":"/private/tmp/react-native-payment-card-icons/src/icons/MastercardMonoOutline.tsx","statementMap":{"0":{"start":{"line":3,"column":30},"end":{"line":22,"column":1}},"1":{"start":{"line":4,"column":2},"end":{"line":21,"column":8}}},"fnMap":{"0":{"name":"(anonymous_0)","decl":{"start":{"line":3,"column":30},"end":{"line":3,"column":31}},"loc":{"start":{"line":4,"column":2},"end":{"line":21,"column":8}},"line":4}},"branchMap":{},"s":{"0":3,"1":0},"f":{"0":0},"b":{},"_coverageSchema":"1a1c01bbd47fc00a2c39e90264f33305004495a9","hash":"2e1c625599beab4a7858bc7ef0dd9ada0089c9f9"}
,"/private/tmp/react-native-payment-card-icons/src/icons/MirFlat.tsx": {"path":"/private/tmp/react-native-payment-card-icons/src/icons/MirFlat.tsx","statementMap":{"0":{"start":{"line":4,"column":16},"end":{"line":72,"column":1}},"1":{"start":{"line":5,"column":2},"end":{"line":71,"column":8}}},"fnMap":{"0":{"name":"(anonymous_0)","decl":{"start":{"line":4,"column":16},"end":{"line":4,"column":17}},"loc":{"start":{"line":5,"column":2},"end":{"line":71,"column":8}},"line":5}},"branchMap":{},"s":{"0":3,"1":0},"f":{"0":0},"b":{},"_coverageSchema":"1a1c01bbd47fc00a2c39e90264f33305004495a9","hash":"f4fd6d12c5b706a20fddb6754b4101a9caeb01a2"}
,"/private/tmp/react-native-payment-card-icons/src/icons/MirFlatRounded.tsx": {"path":"/private/tmp/react-native-payment-card-icons/src/icons/MirFlatRounded.tsx","statementMap":{"0":{"start":{"line":4,"column":23},"end":{"line":72,"column":1}},"1":{"start":{"line":5,"column":2},"end":{"line":71,"column":8}}},"fnMap":{"0":{"name":"(anonymous_0)","decl":{"start":{"line":4,"column":23},"end":{"line":4,"column":24}},"loc":{"start":{"line":5,"column":2},"end":{"line":71,"column":8}},"line":5}},"branchMap":{},"s":{"0":3,"1":0},"f":{"0":0},"b":{},"_coverageSchema":"1a1c01bbd47fc00a2c39e90264f33305004495a9","hash":"c0ec1b220f68246fa9c83301b0630702929b6ba8"}
,"/private/tmp/react-native-payment-card-icons/src/icons/MirLogo.tsx": {"path":"/private/tmp/react-native-payment-card-icons/src/icons/MirLogo.tsx","statementMap":{"0":{"start":{"line":4,"column":16},"end":{"line":66,"column":1}},"1":{"start":{"line":5,"column":2},"end":{"line":65,"column":8}}},"fnMap":{"0":{"name":"(anonymous_0)","decl":{"start":{"line":4,"column":16},"end":{"line":4,"column":17}},"loc":{"start":{"line":5,"column":2},"end":{"line":65,"column":8}},"line":5}},"branchMap":{},"s":{"0":3,"1":0},"f":{"0":0},"b":{},"_coverageSchema":"1a1c01bbd47fc00a2c39e90264f33305004495a9","hash":"ed44b97a778ebfc7be8ea9706ced0df1fca762ca"}
,"/private/tmp/react-native-payment-card-icons/src/icons/MirLogoBorder.tsx": {"path":"/private/tmp/react-native-payment-card-icons/src/icons/MirLogoBorder.tsx","statementMap":{"0":{"start":{"line":4,"column":22},"end":{"line":74,"column":1}},"1":{"start":{"line":5,"column":2},"end":{"line":73,"column":8}}},"fnMap":{"0":{"name":"(anonymous_0)","decl":{"start":{"line":4,"column":22},"end":{"line":4,"column":23}},"loc":{"start":{"line":5,"column":2},"end":{"line":73,"column":8}},"line":5}},"branchMap":{},"s":{"0":3,"1":0},"f":{"0":0},"b":{},"_coverageSchema":"1a1c01bbd47fc00a2c39e90264f33305004495a9","hash":"3480e1fe36f8cb77c7a1bc91e43f6aeffb75738e"}
,"/private/tmp/react-native-payment-card-icons/src/icons/MirMono.tsx": {"path":"/private/tmp/react-native-payment-card-icons/src/icons/MirMono.tsx","statementMap":{"0":{"start":{"line":3,"column":16},"end":{"line":18,"column":1}},"1":{"start":{"line":4,"column":2},"end":{"line":17,"column":8}}},"fnMap":{"0":{"name":"(anonymous_0)","decl":{"start":{"line":3,"column":16},"end":{"line":3,"column":17}},"loc":{"start":{"line":4,"column":2},"end":{"line":17,"column":8}},"line":4}},"branchMap":{},"s":{"0":3,"1":0},"f":{"0":0},"b":{},"_coverageSchema":"1a1c01bbd47fc00a2c39e90264f33305004495a9","hash":"067b3ef2065a88c53b3151aa12f13a643a6c724f"}
,"/private/tmp/react-native-payment-card-icons/src/icons/MirMonoOutline.tsx": {"path":"/private/tmp/react-native-payment-card-icons/src/icons/MirMonoOutline.tsx","statementMap":{"0":{"start":{"line":4,"column":23},"end":{"line":50,"column":1}},"1":{"start":{"line":5,"column":2},"end":{"line":49,"column":8}}},"fnMap":{"0":{"name":"(anonymous_0)","decl":{"start":{"line":4,"column":23},"end":{"line":4,"column":24}},"loc":{"start":{"line":5,"column":2},"end":{"line":49,"column":8}},"line":5}},"branchMap":{},"s":{"0":3,"1":0},"f":{"0":0},"b":{},"_coverageSchema":"1a1c01bbd47fc00a2c39e90264f33305004495a9","hash":"b45092180dc64bfca0ac868954975773d89c4894"}
,"/private/tmp/react-native-payment-card-icons/src/icons/PaypalFlat.tsx": {"path":"/private/tmp/react-native-payment-card-icons/src/icons/PaypalFlat.tsx","statementMap":{"0":{"start":{"line":3,"column":19},"end":{"line":37,"column":1}},"1":{"start":{"line":4,"column":2},"end":{"line":36,"column":8}}},"fnMap":{"0":{"name":"(anonymous_0)","decl":{"start":{"line":3,"column":19},"end":{"line":3,"column":20}},"loc":{"start":{"line":4,"column":2},"end":{"line":36,"column":8}},"line":4}},"branchMap":{},"s":{"0":3,"1":0},"f":{"0":0},"b":{},"_coverageSchema":"1a1c01bbd47fc00a2c39e90264f33305004495a9","hash":"721998cb0cadc4ac41a2c3422cf9aef342b8e744"}
,"/private/tmp/react-native-payment-card-icons/src/icons/PaypalFlatRounded.tsx": {"path":"/private/tmp/react-native-payment-card-icons/src/icons/PaypalFlatRounded.tsx","statementMap":{"0":{"start":{"line":3,"column":26},"end":{"line":40,"column":1}},"1":{"start":{"line":4,"column":2},"end":{"line":39,"column":8}}},"fnMap":{"0":{"name":"(anonymous_0)","decl":{"start":{"line":3,"column":26},"end":{"line":3,"column":27}},"loc":{"start":{"line":4,"column":2},"end":{"line":39,"column":8}},"line":4}},"branchMap":{},"s":{"0":3,"1":0},"f":{"0":0},"b":{},"_coverageSchema":"1a1c01bbd47fc00a2c39e90264f33305004495a9","hash":"91013e295ef3f543ee7a38a7784f6b992c6aa195"}
,"/private/tmp/react-native-payment-card-icons/src/icons/PaypalLogo.tsx": {"path":"/private/tmp/react-native-payment-card-icons/src/icons/PaypalLogo.tsx","statementMap":{"0":{"start":{"line":3,"column":19},"end":{"line":36,"column":1}},"1":{"start":{"line":4,"column":2},"end":{"line":35,"column":8}}},"fnMap":{"0":{"name":"(anonymous_0)","decl":{"start":{"line":3,"column":19},"end":{"line":3,"column":20}},"loc":{"start":{"line":4,"column":2},"end":{"line":35,"column":8}},"line":4}},"branchMap":{},"s":{"0":3,"1":0},"f":{"0":0},"b":{},"_coverageSchema":"1a1c01bbd47fc00a2c39e90264f33305004495a9","hash":"2e72f4c32e43992031af3e6255350f2bb8407bc0"}
,"/private/tmp/react-native-payment-card-icons/src/icons/PaypalLogoBorder.tsx": {"path":"/private/tmp/react-native-payment-card-icons/src/icons/PaypalLogoBorder.tsx","statementMap":{"0":{"start":{"line":3,"column":25},"end":{"line":37,"column":1}},"1":{"start":{"line":4,"column":2},"end":{"line":36,"column":8}}},"fnMap":{"0":{"name":"(anonymous_0)","decl":{"start":{"line":3,"column":25},"end":{"line":3,"column":26}},"loc":{"start":{"line":4,"column":2},"end":{"line":36,"column":8}},"line":4}},"branchMap":{},"s":{"0":3,"1":0},"f":{"0":0},"b":{},"_coverageSchema":"1a1c01bbd47fc00a2c39e90264f33305004495a9","hash":"aa33dcae12e349290f76c549e313fa0137a7d289"}
,"/private/tmp/react-native-payment-card-icons/src/icons/PaypalMono.tsx": {"path":"/private/tmp/react-native-payment-card-icons/src/icons/PaypalMono.tsx","statementMap":{"0":{"start":{"line":3,"column":19},"end":{"line":11,"column":1}},"1":{"start":{"line":4,"column":2},"end":{"line":10,"column":8}}},"fnMap":{"0":{"name":"(anonymous_0)","decl":{"start":{"line":3,"column":19},"end":{"line":3,"column":20}},"loc":{"start":{"line":4,"column":2},"end":{"line":10,"column":8}},"line":4}},"branchMap":{},"s":{"0":3,"1":0},"f":{"0":0},"b":{},"_coverageSchema":"1a1c01bbd47fc00a2c39e90264f33305004495a9","hash":"0cb8bd7fe6b61155b2e5cdc950282c599375aa22"}
,"/private/tmp/react-native-payment-card-icons/src/icons/PaypalMonoOutline.tsx": {"path":"/private/tmp/react-native-payment-card-icons/src/icons/PaypalMonoOutline.tsx","statementMap":{"0":{"start":{"line":3,"column":26},"end":{"line":16,"column":1}},"1":{"start":{"line":4,"column":2},"end":{"line":15,"column":8}}},"fnMap":{"0":{"name":"(anonymous_0)","decl":{"start":{"line":3,"column":26},"end":{"line":3,"column":27}},"loc":{"start":{"line":4,"column":2},"end":{"line":15,"column":8}},"line":4}},"branchMap":{},"s":{"0":3,"1":0},"f":{"0":0},"b":{},"_coverageSchema":"1a1c01bbd47fc00a2c39e90264f33305004495a9","hash":"ff4b25f7eb17d763dc08ccd12479d6e5fdcdf86c"}
,"/private/tmp/react-native-payment-card-icons/src/icons/SecurityCodeFlat.tsx": {"path":"/private/tmp/react-native-payment-card-icons/src/icons/SecurityCodeFlat.tsx","statementMap":{"0":{"start":{"line":3,"column":25},"end":{"line":25,"column":1}},"1":{"start":{"line":4,"column":2},"end":{"line":24,"column":8}}},"fnMap":{"0":{"name":"(anonymous_0)","decl":{"start":{"line":3,"column":25},"end":{"line":3,"column":26}},"loc":{"start":{"line":4,"column":2},"end":{"line":24,"column":8}},"line":4}},"branchMap":{},"s":{"0":3,"1":1},"f":{"0":1},"b":{},"_coverageSchema":"1a1c01bbd47fc00a2c39e90264f33305004495a9","hash":"fc3d69a9177e289a01173d5d6bb2993c19ec4268"}
,"/private/tmp/react-native-payment-card-icons/src/icons/SecurityCodeFlatRounded.tsx": {"path":"/private/tmp/react-native-payment-card-icons/src/icons/SecurityCodeFlatRounded.tsx","statementMap":{"0":{"start":{"line":3,"column":32},"end":{"line":28,"column":1}},"1":{"start":{"line":4,"column":2},"end":{"line":27,"column":8}}},"fnMap":{"0":{"name":"(anonymous_0)","decl":{"start":{"line":3,"column":32},"end":{"line":3,"column":33}},"loc":{"start":{"line":4,"column":2},"end":{"line":27,"column":8}},"line":4}},"branchMap":{},"s":{"0":3,"1":1},"f":{"0":1},"b":{},"_coverageSchema":"1a1c01bbd47fc00a2c39e90264f33305004495a9","hash":"c1e710bf65811fed0bb2ef1afee73ce554279653"}
,"/private/tmp/react-native-payment-card-icons/src/icons/SecurityCodeFrontFlat.tsx": {"path":"/private/tmp/react-native-payment-card-icons/src/icons/SecurityCodeFrontFlat.tsx","statementMap":{"0":{"start":{"line":3,"column":30},"end":{"line":36,"column":1}},"1":{"start":{"line":4,"column":2},"end":{"line":35,"column":8}}},"fnMap":{"0":{"name":"(anonymous_0)","decl":{"start":{"line":3,"column":30},"end":{"line":3,"column":31}},"loc":{"start":{"line":4,"column":2},"end":{"line":35,"column":8}},"line":4}},"branchMap":{},"s":{"0":3,"1":0},"f":{"0":0},"b":{},"_coverageSchema":"1a1c01bbd47fc00a2c39e90264f33305004495a9","hash":"1320f926b8c75588aafbfa427f6a3c5881837725"}
,"/private/tmp/react-native-payment-card-icons/src/icons/SecurityCodeFrontFlatRounded.tsx": {"path":"/private/tmp/react-native-payment-card-icons/src/icons/SecurityCodeFrontFlatRounded.tsx","statementMap":{"0":{"start":{"line":3,"column":37},"end":{"line":36,"column":1}},"1":{"start":{"line":4,"column":2},"end":{"line":35,"column":8}}},"fnMap":{"0":{"name":"(anonymous_0)","decl":{"start":{"line":3,"column":37},"end":{"line":3,"column":38}},"loc":{"start":{"line":4,"column":2},"end":{"line":35,"column":8}},"line":4}},"branchMap":{},"s":{"0":3,"1":0},"f":{"0":0},"b":{},"_coverageSchema":"1a1c01bbd47fc00a2c39e90264f33305004495a9","hash":"2d11b9b72d4bc8efcf4510445e011c4d28ecfe44"}
,"/private/tmp/react-native-payment-card-icons/src/icons/SecurityCodeFrontLogo.tsx": {"path":"/private/tmp/react-native-payment-card-icons/src/icons/SecurityCodeFrontLogo.tsx","statementMap":{"0":{"start":{"line":3,"column":30},"end":{"line":36,"column":1}},"1":{"start":{"line":4,"column":2},"end":{"line":35,"column":8}}},"fnMap":{"0":{"name":"(anonymous_0)","decl":{"start":{"line":3,"column":30},"end":{"line":3,"column":31}},"loc":{"start":{"line":4,"column":2},"end":{"line":35,"column":8}},"line":4}},"branchMap":{},"s":{"0":3,"1":0},"f":{"0":0},"b":{},"_coverageSchema":"1a1c01bbd47fc00a2c39e90264f33305004495a9","hash":"e691ee5dffdc6c9da756bcd5c05089b3920bd462"}
,"/private/tmp/react-native-payment-card-icons/src/icons/SecurityCodeFrontLogoBorder.tsx": {"path":"/private/tmp/react-native-payment-card-icons/src/icons/SecurityCodeFrontLogoBorder.tsx","statementMap":{"0":{"start":{"line":3,"column":36},"end":{"line":36,"column":1}},"1":{"start":{"line":4,"column":2},"end":{"line":35,"column":8}}},"fnMap":{"0":{"name":"(anonymous_0)","decl":{"start":{"line":3,"column":36},"end":{"line":3,"column":37}},"loc":{"start":{"line":4,"column":2},"end":{"line":35,"column":8}},"line":4}},"branchMap":{},"s":{"0":3,"1":0},"f":{"0":0},"b":{},"_coverageSchema":"1a1c01bbd47fc00a2c39e90264f33305004495a9","hash":"45b426cc16e3804c3dccb1da95e15f8175404c8c"}
,"/private/tmp/react-native-payment-card-icons/src/icons/SecurityCodeFrontMono.tsx": {"path":"/private/tmp/react-native-payment-card-icons/src/icons/SecurityCodeFrontMono.tsx","statementMap":{"0":{"start":{"line":3,"column":30},"end":{"line":42,"column":1}},"1":{"start":{"line":4,"column":2},"end":{"line":41,"column":8}}},"fnMap":{"0":{"name":"(anonymous_0)","decl":{"start":{"line":3,"column":30},"end":{"line":3,"column":31}},"loc":{"start":{"line":4,"column":2},"end":{"line":41,"column":8}},"line":4}},"branchMap":{},"s":{"0":3,"1":0},"f":{"0":0},"b":{},"_coverageSchema":"1a1c01bbd47fc00a2c39e90264f33305004495a9","hash":"1075c9adf93bd7b3b55c94faf87503444d8e3acf"}
,"/private/tmp/react-native-payment-card-icons/src/icons/SecurityCodeFrontMonoOutline.tsx": {"path":"/private/tmp/react-native-payment-card-icons/src/icons/SecurityCodeFrontMonoOutline.tsx","statementMap":{"0":{"start":{"line":3,"column":37},"end":{"line":21,"column":1}},"1":{"start":{"line":4,"column":2},"end":{"line":20,"column":8}}},"fnMap":{"0":{"name":"(anonymous_0)","decl":{"start":{"line":3,"column":37},"end":{"line":3,"column":38}},"loc":{"start":{"line":4,"column":2},"end":{"line":20,"column":8}},"line":4}},"branchMap":{},"s":{"0":3,"1":0},"f":{"0":0},"b":{},"_coverageSchema":"1a1c01bbd47fc00a2c39e90264f33305004495a9","hash":"0db63929d73d7372d6c9aed79542eb796639fd23"}
,"/private/tmp/react-native-payment-card-icons/src/icons/SecurityCodeLogo.tsx": {"path":"/private/tmp/react-native-payment-card-icons/src/icons/SecurityCodeLogo.tsx","statementMap":{"0":{"start":{"line":3,"column":25},"end":{"line":25,"column":1}},"1":{"start":{"line":4,"column":2},"end":{"line":24,"column":8}}},"fnMap":{"0":{"name":"(anonymous_0)","decl":{"start":{"line":3,"column":25},"end":{"line":3,"column":26}},"loc":{"start":{"line":4,"column":2},"end":{"line":24,"column":8}},"line":4}},"branchMap":{},"s":{"0":3,"1":0},"f":{"0":0},"b":{},"_coverageSchema":"1a1c01bbd47fc00a2c39e90264f33305004495a9","hash":"963be2a730e9b0a29cce2dca978067a151ec7260"}
,"/private/tmp/react-native-payment-card-icons/src/icons/SecurityCodeLogoBorder.tsx": {"path":"/private/tmp/react-native-payment-card-icons/src/icons/SecurityCodeLogoBorder.tsx","statementMap":{"0":{"start":{"line":3,"column":31},"end":{"line":28,"column":1}},"1":{"start":{"line":4,"column":2},"end":{"line":27,"column":8}}},"fnMap":{"0":{"name":"(anonymous_0)","decl":{"start":{"line":3,"column":31},"end":{"line":3,"column":32}},"loc":{"start":{"line":4,"column":2},"end":{"line":27,"column":8}},"line":4}},"branchMap":{},"s":{"0":3,"1":0},"f":{"0":0},"b":{},"_coverageSchema":"1a1c01bbd47fc00a2c39e90264f33305004495a9","hash":"64c5e4b9aa070b68c0893490e57d296891c2a97a"}
,"/private/tmp/react-native-payment-card-icons/src/icons/SecurityCodeMono.tsx": {"path":"/private/tmp/react-native-payment-card-icons/src/icons/SecurityCodeMono.tsx","statementMap":{"0":{"start":{"line":3,"column":25},"end":{"line":29,"column":1}},"1":{"start":{"line":4,"column":2},"end":{"line":28,"column":8}}},"fnMap":{"0":{"name":"(anonymous_0)","decl":{"start":{"line":3,"column":25},"end":{"line":3,"column":26}},"loc":{"start":{"line":4,"column":2},"end":{"line":28,"column":8}},"line":4}},"branchMap":{},"s":{"0":3,"1":0},"f":{"0":0},"b":{},"_coverageSchema":"1a1c01bbd47fc00a2c39e90264f33305004495a9","hash":"e03794fc78281fbbc4a99aeb5f7b409406e72477"}
,"/private/tmp/react-native-payment-card-icons/src/icons/SecurityCodeMonoOutline.tsx": {"path":"/private/tmp/react-native-payment-card-icons/src/icons/SecurityCodeMonoOutline.tsx","statementMap":{"0":{"start":{"line":3,"column":32},"end":{"line":28,"column":1}},"1":{"start":{"line":4,"column":2},"end":{"line":27,"column":8}}},"fnMap":{"0":{"name":"(anonymous_0)","decl":{"start":{"line":3,"column":32},"end":{"line":3,"column":33}},"loc":{"start":{"line":4,"column":2},"end":{"line":27,"column":8}},"line":4}},"branchMap":{},"s":{"0":3,"1":0},"f":{"0":0},"b":{},"_coverageSchema":"1a1c01bbd47fc00a2c39e90264f33305004495a9","hash":"bdf884cf39ba94b0fe6f70cc6ec941811aa9d1f2"}
,"/private/tmp/react-native-payment-card-icons/src/icons/UnionpayFlat.tsx": {"path":"/private/tmp/react-native-payment-card-icons/src/icons/UnionpayFlat.tsx","statementMap":{"0":{"start":{"line":3,"column":21},"end":{"line":45,"column":1}},"1":{"start":{"line":4,"column":2},"end":{"line":44,"column":8}}},"fnMap":{"0":{"name":"(anonymous_0)","decl":{"start":{"line":3,"column":21},"end":{"line":3,"column":22}},"loc":{"start":{"line":4,"column":2},"end":{"line":44,"column":8}},"line":4}},"branchMap":{},"s":{"0":3,"1":0},"f":{"0":0},"b":{},"_coverageSchema":"1a1c01bbd47fc00a2c39e90264f33305004495a9","hash":"bd2b89ce87b4db8e5889205eb61dff8ac4ae1a45"}
,"/private/tmp/react-native-payment-card-icons/src/icons/UnionpayFlatRounded.tsx": {"path":"/private/tmp/react-native-payment-card-icons/src/icons/UnionpayFlatRounded.tsx","statementMap":{"0":{"start":{"line":3,"column":28},"end":{"line":48,"column":1}},"1":{"start":{"line":4,"column":2},"end":{"line":47,"column":8}}},"fnMap":{"0":{"name":"(anonymous_0)","decl":{"start":{"line":3,"column":28},"end":{"line":3,"column":29}},"loc":{"start":{"line":4,"column":2},"end":{"line":47,"column":8}},"line":4}},"branchMap":{},"s":{"0":3,"1":0},"f":{"0":0},"b":{},"_coverageSchema":"1a1c01bbd47fc00a2c39e90264f33305004495a9","hash":"cb30caa11556466dc2c43df46225e9f8b649c5d3"}
,"/private/tmp/react-native-payment-card-icons/src/icons/UnionpayLogo.tsx": {"path":"/private/tmp/react-native-payment-card-icons/src/icons/UnionpayLogo.tsx","statementMap":{"0":{"start":{"line":3,"column":21},"end":{"line":44,"column":1}},"1":{"start":{"line":4,"column":2},"end":{"line":43,"column":8}}},"fnMap":{"0":{"name":"(anonymous_0)","decl":{"start":{"line":3,"column":21},"end":{"line":3,"column":22}},"loc":{"start":{"line":4,"column":2},"end":{"line":43,"column":8}},"line":4}},"branchMap":{},"s":{"0":3,"1":0},"f":{"0":0},"b":{},"_coverageSchema":"1a1c01bbd47fc00a2c39e90264f33305004495a9","hash":"a14e0fe9e6065fba2c919cf357fcd35e3c35f221"}
,"/private/tmp/react-native-payment-card-icons/src/icons/UnionpayLogoBorder.tsx": {"path":"/private/tmp/react-native-payment-card-icons/src/icons/UnionpayLogoBorder.tsx","statementMap":{"0":{"start":{"line":3,"column":27},"end":{"line":45,"column":1}},"1":{"start":{"line":4,"column":2},"end":{"line":44,"column":8}}},"fnMap":{"0":{"name":"(anonymous_0)","decl":{"start":{"line":3,"column":27},"end":{"line":3,"column":28}},"loc":{"start":{"line":4,"column":2},"end":{"line":44,"column":8}},"line":4}},"branchMap":{},"s":{"0":3,"1":0},"f":{"0":0},"b":{},"_coverageSchema":"1a1c01bbd47fc00a2c39e90264f33305004495a9","hash":"0a84a90df3d941cbfc5378240fffabe3aea7a696"}
,"/private/tmp/react-native-payment-card-icons/src/icons/UnionpayMono.tsx": {"path":"/private/tmp/react-native-payment-card-icons/src/icons/UnionpayMono.tsx","statementMap":{"0":{"start":{"line":3,"column":21},"end":{"line":20,"column":1}},"1":{"start":{"line":4,"column":2},"end":{"line":19,"column":8}}},"fnMap":{"0":{"name":"(anonymous_0)","decl":{"start":{"line":3,"column":21},"end":{"line":3,"column":22}},"loc":{"start":{"line":4,"column":2},"end":{"line":19,"column":8}},"line":4}},"branchMap":{},"s":{"0":3,"1":0},"f":{"0":0},"b":{},"_coverageSchema":"1a1c01bbd47fc00a2c39e90264f33305004495a9","hash":"18d112413e1f64431cbf4900aec7e108e95352a4"}
,"/private/tmp/react-native-payment-card-icons/src/icons/UnionpayMonoOutline.tsx": {"path":"/private/tmp/react-native-payment-card-icons/src/icons/UnionpayMonoOutline.tsx","statementMap":{"0":{"start":{"line":3,"column":28},"end":{"line":49,"column":1}},"1":{"start":{"line":4,"column":2},"end":{"line":48,"column":8}}},"fnMap":{"0":{"name":"(anonymous_0)","decl":{"start":{"line":3,"column":28},"end":{"line":3,"column":29}},"loc":{"start":{"line":4,"column":2},"end":{"line":48,"column":8}},"line":4}},"branchMap":{},"s":{"0":3,"1":0},"f":{"0":0},"b":{},"_coverageSchema":"1a1c01bbd47fc00a2c39e90264f33305004495a9","hash":"1f4f0f2eb90349f078840620a678dde3c70fd12a"}
,"/private/tmp/react-native-payment-card-icons/src/icons/VisaFlat.tsx": {"path":"/private/tmp/react-native-payment-card-icons/src/icons/VisaFlat.tsx","statementMap":{"0":{"start":{"line":3,"column":17},"end":{"line":18,"column":1}},"1":{"start":{"line":4,"column":2},"end":{"line":17,"column":8}}},"fnMap":{"0":{"name":"(anonymous_0)","decl":{"start":{"line":3,"column":17},"end":{"line":3,"column":18}},"loc":{"start":{"line":4,"column":2},"end":{"line":17,"column":8}},"line":4}},"branchMap":{},"s":{"0":3,"1":0},"f":{"0":0},"b":{},"_coverageSchema":"1a1c01bbd47fc00a2c39e90264f33305004495a9","hash":"d16997a073175afdbfe5e693c72b2534df159bf9"}
,"/private/tmp/react-native-payment-card-icons/src/icons/VisaFlatRounded.tsx": {"path":"/private/tmp/react-native-payment-card-icons/src/icons/VisaFlatRounded.tsx","statementMap":{"0":{"start":{"line":3,"column":24},"end":{"line":21,"column":1}},"1":{"start":{"line":4,"column":2},"end":{"line":20,"column":8}}},"fnMap":{"0":{"name":"(anonymous_0)","decl":{"start":{"line":3,"column":24},"end":{"line":3,"column":25}},"loc":{"start":{"line":4,"column":2},"end":{"line":20,"column":8}},"line":4}},"branchMap":{},"s":{"0":3,"1":0},"f":{"0":0},"b":{},"_coverageSchema":"1a1c01bbd47fc00a2c39e90264f33305004495a9","hash":"06196cc291c49fde64129069d1fa53212b6bf0c4"}
,"/private/tmp/react-native-payment-card-icons/src/icons/VisaLogo.tsx": {"path":"/private/tmp/react-native-payment-card-icons/src/icons/VisaLogo.tsx","statementMap":{"0":{"start":{"line":3,"column":17},"end":{"line":10,"column":1}},"1":{"start":{"line":4,"column":2},"end":{"line":9,"column":8}}},"fnMap":{"0":{"name":"(anonymous_0)","decl":{"start":{"line":3,"column":17},"end":{"line":3,"column":18}},"loc":{"start":{"line":4,"column":2},"end":{"line":9,"column":8}},"line":4}},"branchMap":{},"s":{"0":3,"1":0},"f":{"0":0},"b":{},"_coverageSchema":"1a1c01bbd47fc00a2c39e90264f33305004495a9","hash":"a8e96ce0c3336611d933b08be5d253a2e2aa2fb6"}
,"/private/tmp/react-native-payment-card-icons/src/icons/VisaLogoBorder.tsx": {"path":"/private/tmp/react-native-payment-card-icons/src/icons/VisaLogoBorder.tsx","statementMap":{"0":{"start":{"line":3,"column":23},"end":{"line":18,"column":1}},"1":{"start":{"line":4,"column":2},"end":{"line":17,"column":8}}},"fnMap":{"0":{"name":"(anonymous_0)","decl":{"start":{"line":3,"column":23},"end":{"line":3,"column":24}},"loc":{"start":{"line":4,"column":2},"end":{"line":17,"column":8}},"line":4}},"branchMap":{},"s":{"0":3,"1":0},"f":{"0":0},"b":{},"_coverageSchema":"1a1c01bbd47fc00a2c39e90264f33305004495a9","hash":"00ba5461ffa7395a4fdb5d001ebcdc71311f6c20"}
,"/private/tmp/react-native-payment-card-icons/src/icons/VisaMono.tsx": {"path":"/private/tmp/react-native-payment-card-icons/src/icons/VisaMono.tsx","statementMap":{"0":{"start":{"line":3,"column":17},"end":{"line":13,"column":1}},"1":{"start":{"line":4,"column":2},"end":{"line":12,"column":8}}},"fnMap":{"0":{"name":"(anonymous_0)","decl":{"start":{"line":3,"column":17},"end":{"line":3,"column":18}},"loc":{"start":{"line":4,"column":2},"end":{"line":12,"column":8}},"line":4}},"branchMap":{},"s":{"0":3,"1":0},"f":{"0":0},"b":{},"_coverageSchema":"1a1c01bbd47fc00a2c39e90264f33305004495a9","hash":"8cc6c2db5d2fe3ed6a0ab7f0f831c5fab3d565b6"}
,"/private/tmp/react-native-payment-card-icons/src/icons/VisaMonoOutline.tsx": {"path":"/private/tmp/react-native-payment-card-icons/src/icons/VisaMonoOutline.tsx","statementMap":{"0":{"start":{"line":3,"column":24},"end":{"line":22,"column":1}},"1":{"start":{"line":4,"column":2},"end":{"line":21,"column":8}}},"fnMap":{"0":{"name":"(anonymous_0)","decl":{"start":{"line":3,"column":24},"end":{"line":3,"column":25}},"loc":{"start":{"line":4,"column":2},"end":{"line":21,"column":8}},"line":4}},"branchMap":{},"s":{"0":3,"1":0},"f":{"0":0},"b":{},"_coverageSchema":"1a1c01bbd47fc00a2c39e90264f33305004495a9","hash":"e48a2d27b378a5f626871cc9da7f3a3368eb5b34"}
}
